c:\users\pink_\documents\github\muplant_warehousemanagement\feig_rfidreaderinterface\x64\debug\feig_rfidreaderinterface.pch
c:\users\pink_\documents\github\muplant_warehousemanagement\feig_rfidreaderinterface\x64\debug\vc143.pdb
c:\users\pink_\documents\github\muplant_warehousemanagement\feig_rfidreaderinterface\x64\debug\vc143.idb
c:\users\pink_\documents\github\muplant_warehousemanagement\feig_rfidreaderinterface\x64\debug\pch.obj
c:\users\pink_\documents\github\muplant_warehousemanagement\feig_rfidreaderinterface\x64\debug\dllmain.obj
c:\users\pink_\documents\github\muplant_warehousemanagement\feig_rfidreaderinterface\x64\debug\feig_rfidreaderinterface.ilk
c:\users\pink_\documents\github\muplant_warehousemanagement\feig_rfidreaderinterface\x64\debug\feig_rfidreaderinterface.dll
c:\users\pink_\documents\github\muplant_warehousemanagement\feig_rfidreaderinterface\x64\debug\feig_rfidreaderinterface.pdb
c:\lagerzelle\muplant_warehousemanagement\feig_rfidreaderinterface\x64\debug\dllmain.obj
c:\lagerzelle\muplant_warehousemanagement\feig_rfidreaderinterface\x64\debug\pch.obj
c:\lagerzelle\muplant_warehousemanagement\feig_rfidreaderinterface\x64\debug\feig_rfidreaderinterface.ilk
c:\lagerzelle\muplant_warehousemanagement\feig_rfidreaderinterface\x64\debug\feig_rfidreaderinterface.pch
c:\lagerzelle\muplant_warehousemanagement\feig_rfidreaderinterface\x64\debug\vc143.idb
c:\lagerzelle\muplant_warehousemanagement\feig_rfidreaderinterface\x64\debug\feig_rfidreaderinterface.pdb
c:\lagerzelle\muplant_warehousemanagement\feig_rfidreaderinterface\x64\debug\vc143.pdb
c:\lagerzelle\muplant_warehousemanagement\feig_rfidreaderinterface\x64\debug\feig_rfidreaderinterface.dll
c:\lagerzelle\muplant_warehousemanagement\feig_rfidreaderinterface\x64\debug\feig_rfi.d19ebb21.tlog\cl.command.1.tlog
c:\lagerzelle\muplant_warehousemanagement\feig_rfidreaderinterface\x64\debug\feig_rfi.d19ebb21.tlog\cl.items.tlog
c:\lagerzelle\muplant_warehousemanagement\feig_rfidreaderinterface\x64\debug\feig_rfi.d19ebb21.tlog\cl.read.1.tlog
c:\lagerzelle\muplant_warehousemanagement\feig_rfidreaderinterface\x64\debug\feig_rfi.d19ebb21.tlog\cl.write.1.tlog
c:\lagerzelle\muplant_warehousemanagement\feig_rfidreaderinterface\x64\debug\feig_rfi.d19ebb21.tlog\link.command.1.tlog
c:\lagerzelle\muplant_warehousemanagement\feig_rfidreaderinterface\x64\debug\feig_rfi.d19ebb21.tlog\link.read.1.tlog
c:\lagerzelle\muplant_warehousemanagement\feig_rfidreaderinterface\x64\debug\feig_rfi.d19ebb21.tlog\link.write.1.tlog
