  BasicTcpConnect.cpp
C:\Lagerzelle\muPlant_WarehouseManagement\FEIG_RFIDReaderInterface\FEIG.ID.SDK.Gen3.Windows.Cpp-v6.6.0\x64.vc142\include\fedm\FedmConnector.h(218,23): warning C4251: "FEDM::Connector::m_comPort": class "std::basic_string<char,std::char_traits<char>,std::allocator<char>>" erfordert eine DLL-Schnittstelle, die von Clients von class "FEDM::Connector" verwendet wird
C:\Program Files (x86)\Microsoft Visual Studio\2019\Enterprise\VC\Tools\MSVC\14.28.29333\include\xstring(4648): message : Siehe Deklaration von "std::basic_string<char,std::char_traits<char>,std::allocator<char>>"
C:\Lagerzelle\muPlant_WarehouseManagement\FEIG_RFIDReaderInterface\FEIG.ID.SDK.Gen3.Windows.Cpp-v6.6.0\x64.vc142\include\fedm\FedmConnector.h(219,24): warning C4251: "FEDM::Connector::m_comFrame": class "std::basic_string<char,std::char_traits<char>,std::allocator<char>>" erfordert eine DLL-Schnittstelle, die von Clients von class "FEDM::Connector" verwendet wird
C:\Program Files (x86)\Microsoft Visual Studio\2019\Enterprise\VC\Tools\MSVC\14.28.29333\include\xstring(4648): message : Siehe Deklaration von "std::basic_string<char,std::char_traits<char>,std::allocator<char>>"
C:\Lagerzelle\muPlant_WarehouseManagement\FEIG_RFIDReaderInterface\FEIG.ID.SDK.Gen3.Windows.Cpp-v6.6.0\x64.vc142\include\fedm\FedmConnector.h(225,28): warning C4251: "FEDM::Connector::m_tcpIpAddress": class "std::basic_string<char,std::char_traits<char>,std::allocator<char>>" erfordert eine DLL-Schnittstelle, die von Clients von class "FEDM::Connector" verwendet wird
C:\Program Files (x86)\Microsoft Visual Studio\2019\Enterprise\VC\Tools\MSVC\14.28.29333\include\xstring(4648): message : Siehe Deklaration von "std::basic_string<char,std::char_traits<char>,std::allocator<char>>"
C:\Lagerzelle\muPlant_WarehouseManagement\FEIG_RFIDReaderInterface\FEIG.ID.SDK.Gen3.Windows.Cpp-v6.6.0\x64.vc142\include\fedm\FedmConnector.h(229,37): warning C4251: "FEDM::Connector::m_bluetoothLeMacAddress": class "std::basic_string<char,std::char_traits<char>,std::allocator<char>>" erfordert eine DLL-Schnittstelle, die von Clients von class "FEDM::Connector" verwendet wird
C:\Program Files (x86)\Microsoft Visual Studio\2019\Enterprise\VC\Tools\MSVC\14.28.29333\include\xstring(4648): message : Siehe Deklaration von "std::basic_string<char,std::char_traits<char>,std::allocator<char>>"
C:\Lagerzelle\muPlant_WarehouseManagement\FEIG_RFIDReaderInterface\FEIG.ID.SDK.Gen3.Windows.Cpp-v6.6.0\x64.vc142\include\fedm\FedmConnector.h(231,38): warning C4251: "FEDM::Connector::m_bluetoothSppMacAddress": class "std::basic_string<char,std::char_traits<char>,std::allocator<char>>" erfordert eine DLL-Schnittstelle, die von Clients von class "FEDM::Connector" verwendet wird
C:\Program Files (x86)\Microsoft Visual Studio\2019\Enterprise\VC\Tools\MSVC\14.28.29333\include\xstring(4648): message : Siehe Deklaration von "std::basic_string<char,std::char_traits<char>,std::allocator<char>>"
C:\Lagerzelle\muPlant_WarehouseManagement\FEIG_RFIDReaderInterface\FEIG.ID.SDK.Gen3.Windows.Cpp-v6.6.0\x64.vc142\include\fedm\FedmConnector.h(319,23): warning C4251: "FEDM::DetectorSerial::m_comPort": class "std::basic_string<char,std::char_traits<char>,std::allocator<char>>" erfordert eine DLL-Schnittstelle, die von Clients von class "FEDM::DetectorSerial" verwendet wird
C:\Program Files (x86)\Microsoft Visual Studio\2019\Enterprise\VC\Tools\MSVC\14.28.29333\include\xstring(4648): message : Siehe Deklaration von "std::basic_string<char,std::char_traits<char>,std::allocator<char>>"
C:\Lagerzelle\muPlant_WarehouseManagement\FEIG_RFIDReaderInterface\FEIG.ID.SDK.Gen3.Windows.Cpp-v6.6.0\x64.vc142\include\fedm\FedmConnector.h(390,28): warning C4251: "FEDM::ListenerParam::m_tcpIpAddress": class "std::basic_string<char,std::char_traits<char>,std::allocator<char>>" erfordert eine DLL-Schnittstelle, die von Clients von class "FEDM::ListenerParam" verwendet wird
C:\Program Files (x86)\Microsoft Visual Studio\2019\Enterprise\VC\Tools\MSVC\14.28.29333\include\xstring(4648): message : Siehe Deklaration von "std::basic_string<char,std::char_traits<char>,std::allocator<char>>"
C:\Lagerzelle\muPlant_WarehouseManagement\FEIG_RFIDReaderInterface\FEIG.ID.SDK.Gen3.Windows.Cpp-v6.6.0\x64.vc142\include\fedm\FedmRdrId.h(109,32): warning C4251: "FEDM::ReaderIdentification::m_customerReaderId": class "std::basic_string<char,std::char_traits<char>,std::allocator<char>>" erfordert eine DLL-Schnittstelle, die von Clients von class "FEDM::ReaderIdentification" verwendet wird
C:\Program Files (x86)\Microsoft Visual Studio\2019\Enterprise\VC\Tools\MSVC\14.28.29333\include\xstring(4648): message : Siehe Deklaration von "std::basic_string<char,std::char_traits<char>,std::allocator<char>>"
C:\Lagerzelle\muPlant_WarehouseManagement\FEIG_RFIDReaderInterface\FEIG.ID.SDK.Gen3.Windows.Cpp-v6.6.0\x64.vc142\include\fedm\FedmRdrId.h(110,32): warning C4251: "FEDM::ReaderIdentification::m_customerLocation": class "std::basic_string<char,std::char_traits<char>,std::allocator<char>>" erfordert eine DLL-Schnittstelle, die von Clients von class "FEDM::ReaderIdentification" verwendet wird
C:\Program Files (x86)\Microsoft Visual Studio\2019\Enterprise\VC\Tools\MSVC\14.28.29333\include\xstring(4648): message : Siehe Deklaration von "std::basic_string<char,std::char_traits<char>,std::allocator<char>>"
C:\Lagerzelle\muPlant_WarehouseManagement\FEIG_RFIDReaderInterface\FEIG.ID.SDK.Gen3.Windows.Cpp-v6.6.0\x64.vc142\include\fedm\FedmRdrId.h(111,30): warning C4251: "FEDM::ReaderIdentification::m_customerField1": class "std::basic_string<char,std::char_traits<char>,std::allocator<char>>" erfordert eine DLL-Schnittstelle, die von Clients von class "FEDM::ReaderIdentification" verwendet wird
C:\Program Files (x86)\Microsoft Visual Studio\2019\Enterprise\VC\Tools\MSVC\14.28.29333\include\xstring(4648): message : Siehe Deklaration von "std::basic_string<char,std::char_traits<char>,std::allocator<char>>"
C:\Lagerzelle\muPlant_WarehouseManagement\FEIG_RFIDReaderInterface\FEIG.ID.SDK.Gen3.Windows.Cpp-v6.6.0\x64.vc142\include\fedm\FedmRdrId.h(112,30): warning C4251: "FEDM::ReaderIdentification::m_customerField2": class "std::basic_string<char,std::char_traits<char>,std::allocator<char>>" erfordert eine DLL-Schnittstelle, die von Clients von class "FEDM::ReaderIdentification" verwendet wird
C:\Program Files (x86)\Microsoft Visual Studio\2019\Enterprise\VC\Tools\MSVC\14.28.29333\include\xstring(4648): message : Siehe Deklaration von "std::basic_string<char,std::char_traits<char>,std::allocator<char>>"
C:\Lagerzelle\muPlant_WarehouseManagement\FEIG_RFIDReaderInterface\FEIG.ID.SDK.Gen3.Windows.Cpp-v6.6.0\x64.vc142\include\fedm\FedmRdrInfo.h(228,30): warning C4251: "FEDM::ReaderInfo::RfDecoder::m_data": class "std::vector<uint8_t,std::allocator<uint8_t>>" erfordert eine DLL-Schnittstelle, die von Clients von class "FEDM::ReaderInfo::RfDecoder" verwendet wird
C:\Lagerzelle\muPlant_WarehouseManagement\FEIG_RFIDReaderInterface\FEIG.ID.SDK.Gen3.Windows.Cpp-v6.6.0\x64.vc142\include\fedm\FedmRdrInfo.h(222): message : Siehe Deklaration von "std::vector<uint8_t,std::allocator<uint8_t>>"
C:\Lagerzelle\muPlant_WarehouseManagement\FEIG_RFIDReaderInterface\FEIG.ID.SDK.Gen3.Windows.Cpp-v6.6.0\x64.vc142\include\fedm\FedmRdrInfo.h(255,30): warning C4251: "FEDM::ReaderInfo::FwFunction::m_data": class "std::vector<uint8_t,std::allocator<uint8_t>>" erfordert eine DLL-Schnittstelle, die von Clients von class "FEDM::ReaderInfo::FwFunction" verwendet wird
C:\Lagerzelle\muPlant_WarehouseManagement\FEIG_RFIDReaderInterface\FEIG.ID.SDK.Gen3.Windows.Cpp-v6.6.0\x64.vc142\include\fedm\FedmRdrInfo.h(222): message : Siehe Deklaration von "std::vector<uint8_t,std::allocator<uint8_t>>"
C:\Lagerzelle\muPlant_WarehouseManagement\FEIG_RFIDReaderInterface\FEIG.ID.SDK.Gen3.Windows.Cpp-v6.6.0\x64.vc142\include\fedm\FedmRdrInfo.h(389,44): warning C4251: "FEDM::ReaderInfo::CprTrDriver::m_supportedTagDriver": class "std::vector<uint8_t,std::allocator<uint8_t>>" erfordert eine DLL-Schnittstelle, die von Clients von class "FEDM::ReaderInfo::CprTrDriver" verwendet wird
C:\Lagerzelle\muPlant_WarehouseManagement\FEIG_RFIDReaderInterface\FEIG.ID.SDK.Gen3.Windows.Cpp-v6.6.0\x64.vc142\include\fedm\FedmRdrInfo.h(222): message : Siehe Deklaration von "std::vector<uint8_t,std::allocator<uint8_t>>"
C:\Lagerzelle\muPlant_WarehouseManagement\FEIG_RFIDReaderInterface\FEIG.ID.SDK.Gen3.Windows.Cpp-v6.6.0\x64.vc142\include\fedm\FedmRdrInfo.h(410,30): warning C4251: "FEDM::ReaderInfo::WifiFw::m_data": class "std::vector<uint8_t,std::allocator<uint8_t>>" erfordert eine DLL-Schnittstelle, die von Clients von class "FEDM::ReaderInfo::WifiFw" verwendet wird
C:\Lagerzelle\muPlant_WarehouseManagement\FEIG_RFIDReaderInterface\FEIG.ID.SDK.Gen3.Windows.Cpp-v6.6.0\x64.vc142\include\fedm\FedmRdrInfo.h(222): message : Siehe Deklaration von "std::vector<uint8_t,std::allocator<uint8_t>>"
C:\Lagerzelle\muPlant_WarehouseManagement\FEIG_RFIDReaderInterface\FEIG.ID.SDK.Gen3.Windows.Cpp-v6.6.0\x64.vc142\include\fedm\FedmRdrInfo.h(436,30): warning C4251: "FEDM::ReaderInfo::Bluetooth::m_data": class "std::vector<uint8_t,std::allocator<uint8_t>>" erfordert eine DLL-Schnittstelle, die von Clients von class "FEDM::ReaderInfo::Bluetooth" verwendet wird
C:\Lagerzelle\muPlant_WarehouseManagement\FEIG_RFIDReaderInterface\FEIG.ID.SDK.Gen3.Windows.Cpp-v6.6.0\x64.vc142\include\fedm\FedmRdrInfo.h(222): message : Siehe Deklaration von "std::vector<uint8_t,std::allocator<uint8_t>>"
C:\Lagerzelle\muPlant_WarehouseManagement\FEIG_RFIDReaderInterface\FEIG.ID.SDK.Gen3.Windows.Cpp-v6.6.0\x64.vc142\include\fedm\FedmRdrInfo.h(460,30): warning C4251: "FEDM::ReaderInfo::BarcodeFw::m_data": class "std::vector<uint8_t,std::allocator<uint8_t>>" erfordert eine DLL-Schnittstelle, die von Clients von class "FEDM::ReaderInfo::BarcodeFw" verwendet wird
C:\Lagerzelle\muPlant_WarehouseManagement\FEIG_RFIDReaderInterface\FEIG.ID.SDK.Gen3.Windows.Cpp-v6.6.0\x64.vc142\include\fedm\FedmRdrInfo.h(222): message : Siehe Deklaration von "std::vector<uint8_t,std::allocator<uint8_t>>"
C:\Lagerzelle\muPlant_WarehouseManagement\FEIG_RFIDReaderInterface\FEIG.ID.SDK.Gen3.Windows.Cpp-v6.6.0\x64.vc142\include\fedm\FedmRdrInfo.h(527,34): warning C4251: "FEDM::ReaderInfo::SamInfo::m_slotInfo": class "std::vector<uint8_t,std::allocator<uint8_t>>" erfordert eine DLL-Schnittstelle, die von Clients von class "FEDM::ReaderInfo::SamInfo" verwendet wird
C:\Lagerzelle\muPlant_WarehouseManagement\FEIG_RFIDReaderInterface\FEIG.ID.SDK.Gen3.Windows.Cpp-v6.6.0\x64.vc142\include\fedm\FedmRdrInfo.h(222): message : Siehe Deklaration von "std::vector<uint8_t,std::allocator<uint8_t>>"
C:\Lagerzelle\muPlant_WarehouseManagement\FEIG_RFIDReaderInterface\FEIG.ID.SDK.Gen3.Windows.Cpp-v6.6.0\x64.vc142\include\fedm\FedmRdrInfo.h(678,37): warning C4251: "FEDM::ReaderInfo::CfgInfo::m_permissions": class "std::vector<uint8_t,std::allocator<uint8_t>>" erfordert eine DLL-Schnittstelle, die von Clients von class "FEDM::ReaderInfo::CfgInfo" verwendet wird
C:\Lagerzelle\muPlant_WarehouseManagement\FEIG_RFIDReaderInterface\FEIG.ID.SDK.Gen3.Windows.Cpp-v6.6.0\x64.vc142\include\fedm\FedmRdrInfo.h(222): message : Siehe Deklaration von "std::vector<uint8_t,std::allocator<uint8_t>>"
C:\Lagerzelle\muPlant_WarehouseManagement\FEIG_RFIDReaderInterface\FEIG.ID.SDK.Gen3.Windows.Cpp-v6.6.0\x64.vc142\include\fedm\FedmRdrInfo.h(871,38): warning C4251: "FEDM::ReaderInfo::PeriphDev::m_addresses": class "std::vector<FEDM::ReaderInfo::PeriphAddr,std::allocator<FEDM::ReaderInfo::PeriphAddr>>" erfordert eine DLL-Schnittstelle, die von Clients von class "FEDM::ReaderInfo::PeriphDev" verwendet wird
C:\Lagerzelle\muPlant_WarehouseManagement\FEIG_RFIDReaderInterface\FEIG.ID.SDK.Gen3.Windows.Cpp-v6.6.0\x64.vc142\include\fedm\FedmRdrInfo.h(865): message : Siehe Deklaration von "std::vector<FEDM::ReaderInfo::PeriphAddr,std::allocator<FEDM::ReaderInfo::PeriphAddr>>"
C:\Lagerzelle\muPlant_WarehouseManagement\FEIG_RFIDReaderInterface\FEIG.ID.SDK.Gen3.Windows.Cpp-v6.6.0\x64.vc142\include\fedm\FedmRdrInfo.h(921,26): warning C4251: "FEDM::ReaderInfo::DeviceInfo::m_scannerId": class "std::basic_string<char,std::char_traits<char>,std::allocator<char>>" erfordert eine DLL-Schnittstelle, die von Clients von class "FEDM::ReaderInfo::DeviceInfo" verwendet wird
C:\Program Files (x86)\Microsoft Visual Studio\2019\Enterprise\VC\Tools\MSVC\14.28.29333\include\xstring(4648): message : Siehe Deklaration von "std::basic_string<char,std::char_traits<char>,std::allocator<char>>"
C:\Lagerzelle\muPlant_WarehouseManagement\FEIG_RFIDReaderInterface\FEIG.ID.SDK.Gen3.Windows.Cpp-v6.6.0\x64.vc142\include\fedm\FedmRdrDiag.h(104,30): warning C4251: "FEDM::ReaderDiag::ExtMuxStatus::m_data": class "std::vector<uint8_t,std::allocator<uint8_t>>" erfordert eine DLL-Schnittstelle, die von Clients von class "FEDM::ReaderDiag::ExtMuxStatus" verwendet wird
C:\Lagerzelle\muPlant_WarehouseManagement\FEIG_RFIDReaderInterface\FEIG.ID.SDK.Gen3.Windows.Cpp-v6.6.0\x64.vc142\include\fedm\FedmRdrInfo.h(222): message : Siehe Deklaration von "std::vector<uint8_t,std::allocator<uint8_t>>"
C:\Lagerzelle\muPlant_WarehouseManagement\FEIG_RFIDReaderInterface\FEIG.ID.SDK.Gen3.Windows.Cpp-v6.6.0\x64.vc142\include\fedm\FedmRdrDiag.h(183,30): warning C4251: "FEDM::ReaderDiag::ExtMuxOutStatus::m_data": class "std::vector<uint8_t,std::allocator<uint8_t>>" erfordert eine DLL-Schnittstelle, die von Clients von class "FEDM::ReaderDiag::ExtMuxOutStatus" verwendet wird
C:\Lagerzelle\muPlant_WarehouseManagement\FEIG_RFIDReaderInterface\FEIG.ID.SDK.Gen3.Windows.Cpp-v6.6.0\x64.vc142\include\fedm\FedmRdrInfo.h(222): message : Siehe Deklaration von "std::vector<uint8_t,std::allocator<uint8_t>>"
C:\Lagerzelle\muPlant_WarehouseManagement\FEIG_RFIDReaderInterface\FEIG.ID.SDK.Gen3.Windows.Cpp-v6.6.0\x64.vc142\include\fedm\FedmRdrDiag.h(365,27): warning C4251: "FEDM::ReaderDiag::FwStatus::m_statusText": class "std::basic_string<char,std::char_traits<char>,std::allocator<char>>" erfordert eine DLL-Schnittstelle, die von Clients von class "FEDM::ReaderDiag::FwStatus" verwendet wird
C:\Program Files (x86)\Microsoft Visual Studio\2019\Enterprise\VC\Tools\MSVC\14.28.29333\include\xstring(4648): message : Siehe Deklaration von "std::basic_string<char,std::char_traits<char>,std::allocator<char>>"
C:\Lagerzelle\muPlant_WarehouseManagement\FEIG_RFIDReaderInterface\FEIG.ID.SDK.Gen3.Windows.Cpp-v6.6.0\x64.vc142\include\fedm\FedmPeerInfo.h(26,25): warning C4251: "FEDM::PeerInfo::m_ipAddress": class "std::basic_string<char,std::char_traits<char>,std::allocator<char>>" erfordert eine DLL-Schnittstelle, die von Clients von class "FEDM::PeerInfo" verwendet wird
C:\Program Files (x86)\Microsoft Visual Studio\2019\Enterprise\VC\Tools\MSVC\14.28.29333\include\xstring(4648): message : Siehe Deklaration von "std::basic_string<char,std::char_traits<char>,std::allocator<char>>"
C:\Lagerzelle\muPlant_WarehouseManagement\FEIG_RFIDReaderInterface\FEIG.ID.SDK.Gen3.Windows.Cpp-v6.6.0\x64.vc142\include\fedm\FedmInvParam.h(93,27): warning C4251: "FEDM::InventoryParam::m_trList": class "std::vector<int,std::allocator<int>>" erfordert eine DLL-Schnittstelle, die von Clients von class "FEDM::InventoryParam" verwendet wird
C:\Lagerzelle\muPlant_WarehouseManagement\FEIG_RFIDReaderInterface\FEIG.ID.SDK.Gen3.Windows.Cpp-v6.6.0\x64.vc142\include\fedm\FedmInvParam.h(86): message : Siehe Deklaration von "std::vector<int,std::allocator<int>>"
C:\Lagerzelle\muPlant_WarehouseManagement\FEIG_RFIDReaderInterface\FEIG.ID.SDK.Gen3.Windows.Cpp-v6.6.0\x64.vc142\include\fedm\FedmAppLogParam.h(60,28): warning C4251: "FEDM::AppLoggingParam::m_logToFile": class "std::basic_string<char,std::char_traits<char>,std::allocator<char>>" erfordert eine DLL-Schnittstelle, die von Clients von class "FEDM::AppLoggingParam" verwendet wird
C:\Program Files (x86)\Microsoft Visual Studio\2019\Enterprise\VC\Tools\MSVC\14.28.29333\include\xstring(4648): message : Siehe Deklaration von "std::basic_string<char,std::char_traits<char>,std::allocator<char>>"
C:\Lagerzelle\muPlant_WarehouseManagement\FEIG_RFIDReaderInterface\FEIG.ID.SDK.Gen3.Windows.Cpp-v6.6.0\x64.vc142\include\fedm\FedmAppLogParam.h(61,31): warning C4251: "FEDM::AppLoggingParam::m_logToUdpAddr": class "std::basic_string<char,std::char_traits<char>,std::allocator<char>>" erfordert eine DLL-Schnittstelle, die von Clients von class "FEDM::AppLoggingParam" verwendet wird
C:\Program Files (x86)\Microsoft Visual Studio\2019\Enterprise\VC\Tools\MSVC\14.28.29333\include\xstring(4648): message : Siehe Deklaration von "std::basic_string<char,std::char_traits<char>,std::allocator<char>>"
C:\Lagerzelle\muPlant_WarehouseManagement\FEIG_RFIDReaderInterface\FEIG.ID.SDK.Gen3.Windows.Cpp-v6.6.0\x64.vc142\include\fedm\FedmTagItem.h(164,28): warning C4251: "FEDM::TagItem::m_idd": class "std::vector<uint8_t,std::allocator<uint8_t>>" erfordert eine DLL-Schnittstelle, die von Clients von class "FEDM::TagItem" verwendet wird
C:\Lagerzelle\muPlant_WarehouseManagement\FEIG_RFIDReaderInterface\FEIG.ID.SDK.Gen3.Windows.Cpp-v6.6.0\x64.vc142\include\fedm\FedmRdrInfo.h(222): message : Siehe Deklaration von "std::vector<uint8_t,std::allocator<uint8_t>>"
C:\Lagerzelle\muPlant_WarehouseManagement\FEIG_RFIDReaderInterface\FEIG.ID.SDK.Gen3.Windows.Cpp-v6.6.0\x64.vc142\include\fedm\FedmTagItem.h(188,39): warning C4251: "FEDM::TagItem::m_innovatron_Atr": class "std::vector<uint8_t,std::allocator<uint8_t>>" erfordert eine DLL-Schnittstelle, die von Clients von class "FEDM::TagItem" verwendet wird
C:\Lagerzelle\muPlant_WarehouseManagement\FEIG_RFIDReaderInterface\FEIG.ID.SDK.Gen3.Windows.Cpp-v6.6.0\x64.vc142\include\fedm\FedmRdrInfo.h(222): message : Siehe Deklaration von "std::vector<uint8_t,std::allocator<uint8_t>>"
C:\Lagerzelle\muPlant_WarehouseManagement\FEIG_RFIDReaderInterface\FEIG.ID.SDK.Gen3.Windows.Cpp-v6.6.0\x64.vc142\include\fedm\FedmTagItem.h(202,42): warning C4251: "FEDM::TagItem::m_rssiValues": class "std::vector<FEDM::RssiItem,std::allocator<FEDM::RssiItem>>" erfordert eine DLL-Schnittstelle, die von Clients von class "FEDM::TagItem" verwendet wird
C:\Lagerzelle\muPlant_WarehouseManagement\FEIG_RFIDReaderInterface\FEIG.ID.SDK.Gen3.Windows.Cpp-v6.6.0\x64.vc142\include\fedm\FedmTagItem.h(77): message : Siehe Deklaration von "std::vector<FEDM::RssiItem,std::allocator<FEDM::RssiItem>>"
C:\Lagerzelle\muPlant_WarehouseManagement\FEIG_RFIDReaderInterface\FEIG.ID.SDK.Gen3.Windows.Cpp-v6.6.0\x64.vc142\include\fedm\FedmBrmItem.h(57,32): warning C4251: "FEDM::BrmItem::SectorDataBlocks::m_blocks": class "std::vector<uint8_t,std::allocator<uint8_t>>" erfordert eine DLL-Schnittstelle, die von Clients von class "FEDM::BrmItem::SectorDataBlocks" verwendet wird
C:\Lagerzelle\muPlant_WarehouseManagement\FEIG_RFIDReaderInterface\FEIG.ID.SDK.Gen3.Windows.Cpp-v6.6.0\x64.vc142\include\fedm\FedmRdrInfo.h(222): message : Siehe Deklaration von "std::vector<uint8_t,std::allocator<uint8_t>>"
C:\Lagerzelle\muPlant_WarehouseManagement\FEIG_RFIDReaderInterface\FEIG.ID.SDK.Gen3.Windows.Cpp-v6.6.0\x64.vc142\include\fedm\FedmBrmItem.h(156,26): warning C4251: "FEDM::BrmItem::SectorScannerId::m_scannerId": class "std::basic_string<char,std::char_traits<char>,std::allocator<char>>" erfordert eine DLL-Schnittstelle, die von Clients von class "FEDM::BrmItem::SectorScannerId" verwendet wird
C:\Program Files (x86)\Microsoft Visual Studio\2019\Enterprise\VC\Tools\MSVC\14.28.29333\include\xstring(4648): message : Siehe Deklaration von "std::basic_string<char,std::char_traits<char>,std::allocator<char>>"
C:\Lagerzelle\muPlant_WarehouseManagement\FEIG_RFIDReaderInterface\FEIG.ID.SDK.Gen3.Windows.Cpp-v6.6.0\x64.vc142\include\fedm\FedmTagEventItem.h(55,32): warning C4251: "FEDM::TagEventItem::SectorDataBlocks::m_blocks": class "std::vector<uint8_t,std::allocator<uint8_t>>" erfordert eine DLL-Schnittstelle, die von Clients von class "FEDM::TagEventItem::SectorDataBlocks" verwendet wird
C:\Lagerzelle\muPlant_WarehouseManagement\FEIG_RFIDReaderInterface\FEIG.ID.SDK.Gen3.Windows.Cpp-v6.6.0\x64.vc142\include\fedm\FedmRdrInfo.h(222): message : Siehe Deklaration von "std::vector<uint8_t,std::allocator<uint8_t>>"
C:\Lagerzelle\muPlant_WarehouseManagement\FEIG_RFIDReaderInterface\FEIG.ID.SDK.Gen3.Windows.Cpp-v6.6.0\x64.vc142\include\fedm\FedmDiagEventItem.h(97,32): warning C4251: "FEDM::DiagEventItem::SectorError::m_errors": class "std::vector<uint8_t,std::allocator<uint8_t>>" erfordert eine DLL-Schnittstelle, die von Clients von class "FEDM::DiagEventItem::SectorError" verwendet wird
C:\Lagerzelle\muPlant_WarehouseManagement\FEIG_RFIDReaderInterface\FEIG.ID.SDK.Gen3.Windows.Cpp-v6.6.0\x64.vc142\include\fedm\FedmRdrInfo.h(222): message : Siehe Deklaration von "std::vector<uint8_t,std::allocator<uint8_t>>"
C:\Lagerzelle\muPlant_WarehouseManagement\FEIG_RFIDReaderInterface\FEIG.ID.SDK.Gen3.Windows.Cpp-v6.6.0\x64.vc142\include\fedm\FedmDiagEventItem.h(98,34): warning C4251: "FEDM::DiagEventItem::SectorError::m_supports": class "std::vector<uint8_t,std::allocator<uint8_t>>" erfordert eine DLL-Schnittstelle, die von Clients von class "FEDM::DiagEventItem::SectorError" verwendet wird
C:\Lagerzelle\muPlant_WarehouseManagement\FEIG_RFIDReaderInterface\FEIG.ID.SDK.Gen3.Windows.Cpp-v6.6.0\x64.vc142\include\fedm\FedmRdrInfo.h(222): message : Siehe Deklaration von "std::vector<uint8_t,std::allocator<uint8_t>>"
C:\Lagerzelle\muPlant_WarehouseManagement\FEIG_RFIDReaderInterface\FEIG.ID.SDK.Gen3.Windows.Cpp-v6.6.0\x64.vc142\include\fedm\FedmDiagEventItem.h(124,32): warning C4251: "FEDM::DiagEventItem::SectorAlert::m_alerts": class "std::vector<uint8_t,std::allocator<uint8_t>>" erfordert eine DLL-Schnittstelle, die von Clients von class "FEDM::DiagEventItem::SectorAlert" verwendet wird
C:\Lagerzelle\muPlant_WarehouseManagement\FEIG_RFIDReaderInterface\FEIG.ID.SDK.Gen3.Windows.Cpp-v6.6.0\x64.vc142\include\fedm\FedmRdrInfo.h(222): message : Siehe Deklaration von "std::vector<uint8_t,std::allocator<uint8_t>>"
C:\Lagerzelle\muPlant_WarehouseManagement\FEIG_RFIDReaderInterface\FEIG.ID.SDK.Gen3.Windows.Cpp-v6.6.0\x64.vc142\include\fedm\FedmDiagEventItem.h(125,34): warning C4251: "FEDM::DiagEventItem::SectorAlert::m_supports": class "std::vector<uint8_t,std::allocator<uint8_t>>" erfordert eine DLL-Schnittstelle, die von Clients von class "FEDM::DiagEventItem::SectorAlert" verwendet wird
C:\Lagerzelle\muPlant_WarehouseManagement\FEIG_RFIDReaderInterface\FEIG.ID.SDK.Gen3.Windows.Cpp-v6.6.0\x64.vc142\include\fedm\FedmRdrInfo.h(222): message : Siehe Deklaration von "std::vector<uint8_t,std::allocator<uint8_t>>"
C:\Lagerzelle\muPlant_WarehouseManagement\FEIG_RFIDReaderInterface\FEIG.ID.SDK.Gen3.Windows.Cpp-v6.6.0\x64.vc142\include\fedm\FedmDiagEventItem.h(155,34): warning C4251: "FEDM::DiagEventItem::SectorWarning::m_warnings": class "std::vector<uint8_t,std::allocator<uint8_t>>" erfordert eine DLL-Schnittstelle, die von Clients von class "FEDM::DiagEventItem::SectorWarning" verwendet wird
C:\Lagerzelle\muPlant_WarehouseManagement\FEIG_RFIDReaderInterface\FEIG.ID.SDK.Gen3.Windows.Cpp-v6.6.0\x64.vc142\include\fedm\FedmRdrInfo.h(222): message : Siehe Deklaration von "std::vector<uint8_t,std::allocator<uint8_t>>"
C:\Lagerzelle\muPlant_WarehouseManagement\FEIG_RFIDReaderInterface\FEIG.ID.SDK.Gen3.Windows.Cpp-v6.6.0\x64.vc142\include\fedm\FedmDiagEventItem.h(156,34): warning C4251: "FEDM::DiagEventItem::SectorWarning::m_supports": class "std::vector<uint8_t,std::allocator<uint8_t>>" erfordert eine DLL-Schnittstelle, die von Clients von class "FEDM::DiagEventItem::SectorWarning" verwendet wird
C:\Lagerzelle\muPlant_WarehouseManagement\FEIG_RFIDReaderInterface\FEIG.ID.SDK.Gen3.Windows.Cpp-v6.6.0\x64.vc142\include\fedm\FedmRdrInfo.h(222): message : Siehe Deklaration von "std::vector<uint8_t,std::allocator<uint8_t>>"
C:\Lagerzelle\muPlant_WarehouseManagement\FEIG_RFIDReaderInterface\FEIG.ID.SDK.Gen3.Windows.Cpp-v6.6.0\x64.vc142\include\fedm\FedmDiagEventItem.h(210,37): warning C4251: "FEDM::DiagEventItem::m_hfState": class "std::vector<FEDM::DiagEventItem::AntennaState,std::allocator<FEDM::DiagEventItem::AntennaState>>" erfordert eine DLL-Schnittstelle, die von Clients von class "FEDM::DiagEventItem" verwendet wird
C:\Lagerzelle\muPlant_WarehouseManagement\FEIG_RFIDReaderInterface\FEIG.ID.SDK.Gen3.Windows.Cpp-v6.6.0\x64.vc142\include\fedm\FedmDiagEventItem.h(201): message : Siehe Deklaration von "std::vector<FEDM::DiagEventItem::AntennaState,std::allocator<FEDM::DiagEventItem::AntennaState>>"
C:\Lagerzelle\muPlant_WarehouseManagement\FEIG_RFIDReaderInterface\FEIG.ID.SDK.Gen3.Windows.Cpp-v6.6.0\x64.vc142\include\fedm\FedmCustomXml.h(59,27): warning C4251: "FEDM::CustomXmlData::m_programName": class "std::basic_string<char,std::char_traits<char>,std::allocator<char>>" erfordert eine DLL-Schnittstelle, die von Clients von class "FEDM::CustomXmlData" verwendet wird
C:\Program Files (x86)\Microsoft Visual Studio\2019\Enterprise\VC\Tools\MSVC\14.28.29333\include\xstring(4648): message : Siehe Deklaration von "std::basic_string<char,std::char_traits<char>,std::allocator<char>>"
C:\Lagerzelle\muPlant_WarehouseManagement\FEIG_RFIDReaderInterface\FEIG.ID.SDK.Gen3.Windows.Cpp-v6.6.0\x64.vc142\include\fedm\FedmCustomXml.h(60,30): warning C4251: "FEDM::CustomXmlData::m_programVersion": class "std::basic_string<char,std::char_traits<char>,std::allocator<char>>" erfordert eine DLL-Schnittstelle, die von Clients von class "FEDM::CustomXmlData" verwendet wird
C:\Program Files (x86)\Microsoft Visual Studio\2019\Enterprise\VC\Tools\MSVC\14.28.29333\include\xstring(4648): message : Siehe Deklaration von "std::basic_string<char,std::char_traits<char>,std::allocator<char>>"
C:\Lagerzelle\muPlant_WarehouseManagement\FEIG_RFIDReaderInterface\FEIG.ID.SDK.Gen3.Windows.Cpp-v6.6.0\x64.vc142\include\fedm\FedmCustomXml.h(61,23): warning C4251: "FEDM::CustomXmlData::m_comment": class "std::basic_string<char,std::char_traits<char>,std::allocator<char>>" erfordert eine DLL-Schnittstelle, die von Clients von class "FEDM::CustomXmlData" verwendet wird
C:\Program Files (x86)\Microsoft Visual Studio\2019\Enterprise\VC\Tools\MSVC\14.28.29333\include\xstring(4648): message : Siehe Deklaration von "std::basic_string<char,std::char_traits<char>,std::allocator<char>>"
C:\Lagerzelle\muPlant_WarehouseManagement\FEIG_RFIDReaderInterface\FEIG.ID.SDK.Gen3.Windows.Cpp-v6.6.0\x64.vc142\include\fedm\FedmCardInfo14443.h(105,29): warning C4251: "FEDM::CardInfo14443::m_info": class "std::vector<uint8_t,std::allocator<uint8_t>>" erfordert eine DLL-Schnittstelle, die von Clients von class "FEDM::CardInfo14443" verwendet wird
C:\Lagerzelle\muPlant_WarehouseManagement\FEIG_RFIDReaderInterface\FEIG.ID.SDK.Gen3.Windows.Cpp-v6.6.0\x64.vc142\include\fedm\FedmRdrInfo.h(222): message : Siehe Deklaration von "std::vector<uint8_t,std::allocator<uint8_t>>"
C:\Lagerzelle\muPlant_WarehouseManagement\FEIG_RFIDReaderInterface\FEIG.ID.SDK.Gen3.Windows.Cpp-v6.6.0\x64.vc142\include\fedm\FedmCardInfo14443.h(106,32): warning C4251: "FEDM::CardInfo14443::m_version": class "std::vector<uint8_t,std::allocator<uint8_t>>" erfordert eine DLL-Schnittstelle, die von Clients von class "FEDM::CardInfo14443" verwendet wird
C:\Lagerzelle\muPlant_WarehouseManagement\FEIG_RFIDReaderInterface\FEIG.ID.SDK.Gen3.Windows.Cpp-v6.6.0\x64.vc142\include\fedm\FedmRdrInfo.h(222): message : Siehe Deklaration von "std::vector<uint8_t,std::allocator<uint8_t>>"
C:\Lagerzelle\muPlant_WarehouseManagement\FEIG_RFIDReaderInterface\FEIG.ID.SDK.Gen3.Windows.Cpp-v6.6.0\x64.vc142\include\fedm\TagHandler\Th15693.h(95,29): warning C4251: "FEDM::TagHandler::ThIso15693::SystemInfo::m_idd": class "std::vector<uint8_t,std::allocator<uint8_t>>" erfordert eine DLL-Schnittstelle, die von Clients von class "FEDM::TagHandler::ThIso15693::SystemInfo" verwendet wird
C:\Lagerzelle\muPlant_WarehouseManagement\FEIG_RFIDReaderInterface\FEIG.ID.SDK.Gen3.Windows.Cpp-v6.6.0\x64.vc142\include\fedm\FedmRdrInfo.h(222): message : Siehe Deklaration von "std::vector<uint8_t,std::allocator<uint8_t>>"
C:\Lagerzelle\muPlant_WarehouseManagement\FEIG_RFIDReaderInterface\FEIG.ID.SDK.Gen3.Windows.Cpp-v6.6.0\x64.vc142\include\fedm\TagHandler\Th15693.h(110,37): warning C4251: "FEDM::TagHandler::ThIso15693::SystemInfo::m_commandList": class "std::vector<uint8_t,std::allocator<uint8_t>>" erfordert eine DLL-Schnittstelle, die von Clients von class "FEDM::TagHandler::ThIso15693::SystemInfo" verwendet wird
C:\Lagerzelle\muPlant_WarehouseManagement\FEIG_RFIDReaderInterface\FEIG.ID.SDK.Gen3.Windows.Cpp-v6.6.0\x64.vc142\include\fedm\FedmRdrInfo.h(222): message : Siehe Deklaration von "std::vector<uint8_t,std::allocator<uint8_t>>"
C:\Lagerzelle\muPlant_WarehouseManagement\FEIG_RFIDReaderInterface\FEIG.ID.SDK.Gen3.Windows.Cpp-v6.6.0\x64.vc142\include\fedm\TagHandler\Th15693.h(113,40): warning C4251: "FEDM::TagHandler::ThIso15693::SystemInfo::m_cryptoSuiteIds": class "std::vector<uint8_t,std::allocator<uint8_t>>" erfordert eine DLL-Schnittstelle, die von Clients von class "FEDM::TagHandler::ThIso15693::SystemInfo" verwendet wird
C:\Lagerzelle\muPlant_WarehouseManagement\FEIG_RFIDReaderInterface\FEIG.ID.SDK.Gen3.Windows.Cpp-v6.6.0\x64.vc142\include\fedm\FedmRdrInfo.h(222): message : Siehe Deklaration von "std::vector<uint8_t,std::allocator<uint8_t>>"
C:\Lagerzelle\muPlant_WarehouseManagement\FEIG_RFIDReaderInterface\FEIG.ID.SDK.Gen3.Windows.Cpp-v6.6.0\x64.vc142\include\fedm\TagHandler\Th15693_NXP.h(61,37): warning C4251: "FEDM::TagHandler::ThIso15693_NXP::SystemInfo::m_featureFlags": class "std::vector<size_t,std::allocator<size_t>>" erfordert eine DLL-Schnittstelle, die von Clients von class "FEDM::TagHandler::ThIso15693_NXP::SystemInfo" verwendet wird
C:\Lagerzelle\muPlant_WarehouseManagement\FEIG_RFIDReaderInterface\FEIG.ID.SDK.Gen3.Windows.Cpp-v6.6.0\x64.vc142\include\fedm\TagHandler\Th15693_NXP.h(48): message : Siehe Deklaration von "std::vector<size_t,std::allocator<size_t>>"
C:\Lagerzelle\muPlant_WarehouseManagement\FEIG_RFIDReaderInterface\BasicTcpConnect.cpp(37,23): error C2011: "BasicTcpConnect": "class" Typneudefinition
C:\Lagerzelle\muPlant_WarehouseManagement\FEIG_RFIDReaderInterface\BasicTcpConnect.h(18): message : Siehe Deklaration von "BasicTcpConnect"
